<?xml version="1.0" encoding="UTF-8"?>
<testsuite name="CalculatorTest" tests="1" skipped="0" failures="0" errors="0" timestamp="2021-10-31T17:11:19" hostname="DESKTOP-97GLIBV" time="69.324">
  <properties/>
  <testcase name="start" classname="CalculatorTest" time="69.324"/>
  <system-out><![CDATA[?[1;31m
Start test 1?[0m
?[1;31m
Start test 2?[0m
?[1;31m
Start test 3?[0m
?[1;31m
Start test 4?[0m
?[1;31m
Start test 5?[0m
?[1;31m
Start test 6?[0m
?[1;31m
Start test 7?[0m
?[1;31m
Start test 8?[0m
?[1;31m
Start test 9?[0m
]]></system-out>
  <system-err><![CDATA[]]></system-err>
</testsuite>
